<?xml version="1.0" encoding="UTF-8"?>
<coverage generated="1575972517490" clover="3.2.0">
  <project timestamp="1575972517490" name="All files">
    <metrics statements="3" coveredstatements="0" conditionals="2" coveredconditionals="0" methods="1" coveredmethods="0" elements="6" coveredelements="0" complexity="0" loc="3" ncloc="3" packages="1" files="1" classes="1">
      <file name="three-jsm.ts" path="/Users/alejandroalvarado/Documents/smile80/projects/externals/support-libs-repo/three-jsm/src/three-jsm.ts">
        <metrics statements="3" coveredstatements="0" conditionals="2" coveredconditionals="0" methods="1" coveredmethods="0"/>
        <line num="5" count="0" type="stmt"/>
        <line num="7" count="0" type="cond" truecount="0" falsecount="2"/>
        <line num="9" count="0" type="stmt"/>
      </file>
    </metrics>
  </project>
</coverage>
