{"/Users/alejandroalvarado/Documents/smile80/projects/externals/support-libs-repo/three-jsm/src/three-jsm.ts": {"path":"/Users/alejandroalvarado/Documents/smile80/projects/externals/support-libs-repo/three-jsm/src/three-jsm.ts","statementMap":{"0":{"start":{"line":5,"column":0},"end":{"line":5,"column":30}},"1":{"start":{"line":7,"column":0},"end":{"line":7,"column":26}},"2":{"start":{"line":9,"column":0},"end":{"line":9,"column":33}},"3":{"start":{"line":9,"column":33},"end":{"line":9,"column":34}}},"fnMap":{"0":{"name":"(anonymous_0)","decl":{"start":{"line":9,"column":0},"end":{"line":null,"column":-1}},"loc":{"start":{"line":9,"column":0},"end":{"line":9,"column":-1}}}},"branchMap":{"0":{"loc":{"start":{"line":7,"column":15},"end":{"line":7,"column":20}},"type":"binary-expr","locations":[{"start":{"line":7,"column":15},"end":{"line":7,"column":20}},{"start":{"line":7,"column":24},"end":{"line":7,"column":26}}]}},"s":{"0":0,"1":0,"2":0,"3":0},"f":{"0":0},"b":{"0":[0,0]}}
}
